<?xml version="1.0" encoding="UTF-8"?>
<testsuite xmlns:xsi="http://www.w3.org/2001/XMLSchema-instance" xsi:noNamespaceSchemaLocation="https://maven.apache.org/surefire/maven-surefire-plugin/xsd/surefire-test-report-3.0.xsd" version="3.0" name="bth3.Bth3CalculatorTest" time="0.145" tests="52" errors="0" skipped="0" failures="0">
  <properties>
[...]
</properties>
  <testcase name="quadraticEquationRejectsInvalidCoefficients" classname="bth3.Bth3CalculatorTest" time="0.035"/>
  <testcase name="primeCheckHandlesLowerBoundary" classname="bth3.Bth3CalculatorTest" time="0.003"/>
  <testcase name="primeCheckReturnsFalseForNonPrimeNumber" classname="bth3.Bth3CalculatorTest" time="0.001"/>
  <testcase name="rectangleAreaReturnsValidResult" classname="bth3.Bth3CalculatorTest" time="0.004"/>
  <testcase name="factorialHandlesZero" classname="bth3.Bth3CalculatorTest" time="0.001"/>
  <testcase name="daysInMonthRejectsInvalidMonth" classname="bth3.Bth3CalculatorTest" time="0.001"/>
  <testcase name="daysInMonthReturnsLeapYearFebruary" classname="bth3.Bth3CalculatorTest" time="0.001"/>
  <testcase name="alternatingSumHandlesZero" classname="bth3.Bth3CalculatorTest" time="0.0"/>
  <testcase name="alternatingSumHandlesEvenBoundaryPattern" classname="bth3.Bth3CalculatorTest" time="0.0"/>
  <testcase name="daysInMonthReturnsThirtyOneDaysMonthLength" classname="bth3.Bth3CalculatorTest" time="0.001"/>
  <testcase name="primeCheckReturnsTrueForPrimeNumber" classname="bth3.Bth3CalculatorTest" time="0.001"/>
  <testcase name="daysInMonthReturnsNonLeapYearForCenturyNotDivisibleBy400" classname="bth3.Bth3CalculatorTest" time="0.0"/>
  <testcase name="gcdRejectsBothZeros" classname="bth3.Bth3CalculatorTest" time="0.001"/>
  <testcase name="primeCheckRejectsNonIntegerInput" classname="bth3.Bth3CalculatorTest" time="0.001"/>
  <testcase name="alternatingSumRejectsNonIntegerInput" classname="bth3.Bth3CalculatorTest" time="0.001"/>
  <testcase name="gcdHandlesNegativeValues" classname="bth3.Bth3CalculatorTest" time="0.0"/>
  <testcase name="factorialSumHandlesZero" classname="bth3.Bth3CalculatorTest" time="0.001"/>
  <testcase name="daysInMonthReturnsStandardMonthLength" classname="bth3.Bth3CalculatorTest" time="0.001"/>
  <testcase name="rectanglePerimeterRejectsNegativeDimensions" classname="bth3.Bth3CalculatorTest" time="0.001"/>
  <testcase name="quadraticEquationWithDoubleRoot" classname="bth3.Bth3CalculatorTest" time="0.002"/>
  <testcase name="primeCheckTreatsNegativeValuesAsNonPrime" classname="bth3.Bth3CalculatorTest" time="0.001"/>
  <testcase name="rectangleAreaRejectsNonNumberDimensions" classname="bth3.Bth3CalculatorTest" time="0.001"/>
  <testcase name="rectangleAreaRejectsInfiniteInput" classname="bth3.Bth3CalculatorTest" time="0.001"/>
  <testcase name="alternatingSumReturnsValidResult" classname="bth3.Bth3CalculatorTest" time="0.001"/>
  <testcase name="quadraticEquationWithTwoDistinctRoots" classname="bth3.Bth3CalculatorTest" time="0.002"/>
  <testcase name="daysInMonthReturnsLeapYearForCenturyDivisibleBy400" classname="bth3.Bth3CalculatorTest" time="0.001"/>
  <testcase name="daysInMonthRejectsNonIntegerYearWhenProvided" classname="bth3.Bth3CalculatorTest" time="0.001"/>
  <testcase name="factorialRejectsNegativeInput" classname="bth3.Bth3CalculatorTest" time="0.001"/>
  <testcase name="rectanglePerimeterRejectsNonNumberDimensions" classname="bth3.Bth3CalculatorTest" time="0.001"/>
  <testcase name="factorialRejectsNonIntegerInput" classname="bth3.Bth3CalculatorTest" time="0.001"/>
  <testcase name="daysInMonthRejectsNonIntegerMonth" classname="bth3.Bth3CalculatorTest" time="0.001"/>
  <testcase name="daysInMonthRejectsInvalidMonthBelowRange" classname="bth3.Bth3CalculatorTest" time="0.002"/>
  <testcase name="factorialSumReturnsValidResult" classname="bth3.Bth3CalculatorTest" time="0.001"/>
  <testcase name="daysInMonthReturnsNonLeapYearFebruary" classname="bth3.Bth3CalculatorTest" time="0.001"/>
  <testcase name="quadraticEquationBecomesLinearWhenAIsZero" classname="bth3.Bth3CalculatorTest" time="0.001"/>
  <testcase name="rectanglePerimeterReturnsValidResult" classname="bth3.Bth3CalculatorTest" time="0.001"/>
  <testcase name="rectangleAreaRejectsNegativeDimensions" classname="bth3.Bth3CalculatorTest" time="0.001"/>
  <testcase name="quadraticEquationRejectsNonNumberCoefficients" classname="bth3.Bth3CalculatorTest" time="0.001"/>
  <testcase name="factorialSumRejectsNegativeInput" classname="bth3.Bth3CalculatorTest" time="0.001"/>
  <testcase name="factorialReturnsValidResult" classname="bth3.Bth3CalculatorTest" time="0.001"/>
  <testcase name="gcdRejectsNonIntegerInputs" classname="bth3.Bth3CalculatorTest" time="0.001"/>
  <testcase name="gcdHandlesZeroAndANumber" classname="bth3.Bth3CalculatorTest" time="0.001"/>
  <testcase name="rectanglePerimeterRejectsNaNInput" classname="bth3.Bth3CalculatorTest" time="0.0"/>
  <testcase name="primeCheckReturnsTrueForTwo" classname="bth3.Bth3CalculatorTest" time="0.0"/>
  <testcase name="quadraticEquationWithComplexRoots" classname="bth3.Bth3CalculatorTest" time="0.001"/>
  <testcase name="alternatingSumRejectsNegativeInput" classname="bth3.Bth3CalculatorTest" time="0.001"/>
  <testcase name="rectangleAreaHandlesBoundaryWithZeroValues" classname="bth3.Bth3CalculatorTest" time="0.0"/>
  <testcase name="factorialSumRejectsNonIntegerInput" classname="bth3.Bth3CalculatorTest" time="0.001"/>
  <testcase name="daysInMonthReturnsFebruaryWithoutYearAsStandardCase" classname="bth3.Bth3CalculatorTest" time="0.001"/>
  <testcase name="rectanglePerimeterHandlesBoundaryWithZeroValues" classname="bth3.Bth3CalculatorTest" time="0.001"/>
  <testcase name="gcdReturnsCommonDivisor" classname="bth3.Bth3CalculatorTest" time="0.001"/>
  <testcase name="primeCheckReturnsFalseForEvenComposite" classname="bth3.Bth3CalculatorTest" time="0.0"/>
</testsuite>